<?xml version="1.0" encoding="UTF-8"?>
<!-- Generated by org.testng.reporters.JUnitReportReporter -->
<testsuite name="calculatorTests.LongTermPositive" tests="3" time="13.195" ignored="2" failures="0" timestamp="29 May 2018 00:19:12 GMT" skipped="0" hostname="rppendya-MOBL1" errors="0">
  <testcase name="checkPositiveCase" time="4.434" classname="calculatorTests.LongTermPositive"/>
  <testcase name="checkPositiveCase" time="4.331" classname="calculatorTests.LongTermPositive"/>
  <testcase name="checkPositiveCase" time="4.430" classname="calculatorTests.LongTermPositive"/>
  <testcase name="beforeTest" classname="calculatorTests.TestSuiteParent">
    <skipped/>
  </testcase> <!-- beforeTest -->
  <testcase name="afterTest" classname="calculatorTests.TestSuiteParent">
    <skipped/>
  </testcase> <!-- afterTest -->
</testsuite> <!-- calculatorTests.LongTermPositive -->
