<?xml version="1.0" encoding="UTF-8"?>
<!-- Generated by org.testng.reporters.JUnitReportReporter -->
<testsuite name="calculatorTests.ShortTermPositive" tests="3" time="15.555" ignored="2" failures="0" timestamp="29 May 2018 00:19:12 GMT" skipped="0" hostname="rppendya-MOBL1" errors="0">
  <testcase name="checkPositiveCase" time="4.507" classname="calculatorTests.ShortTermPositive"/>
  <testcase name="checkPositiveCase" time="6.691" classname="calculatorTests.ShortTermPositive"/>
  <testcase name="checkPositiveCase" time="4.357" classname="calculatorTests.ShortTermPositive"/>
  <testcase name="beforeTest" classname="calculatorTests.TestSuiteParent">
    <skipped/>
  </testcase> <!-- beforeTest -->
  <testcase name="afterTest" classname="calculatorTests.TestSuiteParent">
    <skipped/>
  </testcase> <!-- afterTest -->
</testsuite> <!-- calculatorTests.ShortTermPositive -->
