<?xml version="1.0" encoding="UTF-8"?>
<!-- Generated by org.testng.reporters.JUnitReportReporter -->
<testsuite name="calculator.ShortTermPositive" tests="2" time="16.132" ignored="0" failures="0" timestamp="27 May 2018 07:20:44 GMT" skipped="0" hostname="rppendya-MOBL1" errors="0">
  <testcase name="checkPositiveCase1" time="9.168" classname="calculator.ShortTermPositive"/>
  <testcase name="checkPositiveCase" time="6.964" classname="calculator.ShortTermPositive"/>
</testsuite> <!-- calculator.ShortTermPositive -->
